Started GET "/" for ::1 at 2019-11-17 07:44:01 -0300
  
ActiveRecord::AdapterNotSpecified ('development' database is not configured. Available: ["default", "development", "adapter", "encoding", "pool", "timeout", "host", "username", "password", "database", "port", "test", "production"]):
  
activerecord (5.2.0) lib/active_record/connection_adapters/connection_specification.rb:260:in `resolve_symbol_connection'
activerecord (5.2.0) lib/active_record/connection_adapters/connection_specification.rb:241:in `resolve_connection'
activerecord (5.2.0) lib/active_record/connection_adapters/connection_specification.rb:143:in `resolve'
activerecord (5.2.0) lib/active_record/connection_handling.rb:57:in `establish_connection'
activerecord (5.2.0) lib/active_record/railtie.rb:136:in `block (2 levels) in <class:Railtie>'
activesupport (5.2.0) lib/active_support/lazy_load_hooks.rb:71:in `instance_eval'
activesupport (5.2.0) lib/active_support/lazy_load_hooks.rb:71:in `block in execute_hook'
activesupport (5.2.0) lib/active_support/lazy_load_hooks.rb:62:in `with_execution_control'
activesupport (5.2.0) lib/active_support/lazy_load_hooks.rb:67:in `execute_hook'
activesupport (5.2.0) lib/active_support/lazy_load_hooks.rb:52:in `block in run_load_hooks'
activesupport (5.2.0) lib/active_support/lazy_load_hooks.rb:51:in `each'
activesupport (5.2.0) lib/active_support/lazy_load_hooks.rb:51:in `run_load_hooks'
activerecord (5.2.0) lib/active_record/base.rb:328:in `<module:ActiveRecord>'
activerecord (5.2.0) lib/active_record/base.rb:27:in `<top (required)>'
activesupport (5.2.0) lib/active_support/dependencies.rb:283:in `require'
activesupport (5.2.0) lib/active_support/dependencies.rb:283:in `block in require'
activesupport (5.2.0) lib/active_support/dependencies.rb:249:in `load_dependency'
activesupport (5.2.0) lib/active_support/dependencies.rb:283:in `require'
activerecord (5.2.0) lib/active_record/migration.rb:554:in `call'
actionpack (5.2.0) lib/action_dispatch/middleware/callbacks.rb:28:in `block in call'
activesupport (5.2.0) lib/active_support/callbacks.rb:98:in `run_callbacks'
actionpack (5.2.0) lib/action_dispatch/middleware/callbacks.rb:26:in `call'
actionpack (5.2.0) lib/action_dispatch/middleware/executor.rb:14:in `call'
actionpack (5.2.0) lib/action_dispatch/middleware/debug_exceptions.rb:61:in `call'
web-console (3.7.0) lib/web_console/middleware.rb:135:in `call_app'
web-console (3.7.0) lib/web_console/middleware.rb:30:in `block in call'
web-console (3.7.0) lib/web_console/middleware.rb:20:in `catch'
web-console (3.7.0) lib/web_console/middleware.rb:20:in `call'
actionpack (5.2.0) lib/action_dispatch/middleware/show_exceptions.rb:33:in `call'
railties (5.2.0) lib/rails/rack/logger.rb:38:in `call_app'
railties (5.2.0) lib/rails/rack/logger.rb:26:in `block in call'
activesupport (5.2.0) lib/active_support/tagged_logging.rb:71:in `block in tagged'
activesupport (5.2.0) lib/active_support/tagged_logging.rb:28:in `tagged'
activesupport (5.2.0) lib/active_support/tagged_logging.rb:71:in `tagged'
railties (5.2.0) lib/rails/rack/logger.rb:26:in `call'
sprockets-rails (3.2.1) lib/sprockets/rails/quiet_assets.rb:13:in `call'
actionpack (5.2.0) lib/action_dispatch/middleware/remote_ip.rb:81:in `call'
actionpack (5.2.0) lib/action_dispatch/middleware/request_id.rb:27:in `call'
rack (2.0.7) lib/rack/method_override.rb:22:in `call'
rack (2.0.7) lib/rack/runtime.rb:22:in `call'
activesupport (5.2.0) lib/active_support/cache/strategy/local_cache_middleware.rb:29:in `call'
actionpack (5.2.0) lib/action_dispatch/middleware/executor.rb:14:in `call'
actionpack (5.2.0) lib/action_dispatch/middleware/static.rb:127:in `call'
rack (2.0.7) lib/rack/sendfile.rb:111:in `call'
railties (5.2.0) lib/rails/engine.rb:524:in `call'
puma (3.12.1) lib/puma/configuration.rb:227:in `call'
puma (3.12.1) lib/puma/server.rb:660:in `handle_request'
puma (3.12.1) lib/puma/server.rb:474:in `process_client'
puma (3.12.1) lib/puma/server.rb:334:in `block in run'
puma (3.12.1) lib/puma/thread_pool.rb:135:in `block in spawn_thread'
Started GET "/" for ::1 at 2019-11-17 07:49:22 -0300
  
ActiveRecord::AdapterNotSpecified ('development' database is not configured. Available: ["default", "development", "adapter", "encoding", "pool", "timeout", "host", "username", "password", "database", "port", "test", "production"]):
  
activerecord (5.2.0) lib/active_record/connection_adapters/connection_specification.rb:260:in `resolve_symbol_connection'
activerecord (5.2.0) lib/active_record/connection_adapters/connection_specification.rb:241:in `resolve_connection'
activerecord (5.2.0) lib/active_record/connection_adapters/connection_specification.rb:143:in `resolve'
activerecord (5.2.0) lib/active_record/connection_handling.rb:57:in `establish_connection'
activerecord (5.2.0) lib/active_record/railtie.rb:136:in `block (2 levels) in <class:Railtie>'
activesupport (5.2.0) lib/active_support/lazy_load_hooks.rb:71:in `instance_eval'
activesupport (5.2.0) lib/active_support/lazy_load_hooks.rb:71:in `block in execute_hook'
activesupport (5.2.0) lib/active_support/lazy_load_hooks.rb:62:in `with_execution_control'
activesupport (5.2.0) lib/active_support/lazy_load_hooks.rb:67:in `execute_hook'
activesupport (5.2.0) lib/active_support/lazy_load_hooks.rb:52:in `block in run_load_hooks'
activesupport (5.2.0) lib/active_support/lazy_load_hooks.rb:51:in `each'
activesupport (5.2.0) lib/active_support/lazy_load_hooks.rb:51:in `run_load_hooks'
activerecord (5.2.0) lib/active_record/base.rb:328:in `<module:ActiveRecord>'
activerecord (5.2.0) lib/active_record/base.rb:27:in `<top (required)>'
activesupport (5.2.0) lib/active_support/dependencies.rb:283:in `require'
activesupport (5.2.0) lib/active_support/dependencies.rb:283:in `block in require'
activesupport (5.2.0) lib/active_support/dependencies.rb:249:in `load_dependency'
activesupport (5.2.0) lib/active_support/dependencies.rb:283:in `require'
activerecord (5.2.0) lib/active_record/migration.rb:554:in `call'
actionpack (5.2.0) lib/action_dispatch/middleware/callbacks.rb:28:in `block in call'
activesupport (5.2.0) lib/active_support/callbacks.rb:98:in `run_callbacks'
actionpack (5.2.0) lib/action_dispatch/middleware/callbacks.rb:26:in `call'
actionpack (5.2.0) lib/action_dispatch/middleware/executor.rb:14:in `call'
actionpack (5.2.0) lib/action_dispatch/middleware/debug_exceptions.rb:61:in `call'
web-console (3.7.0) lib/web_console/middleware.rb:135:in `call_app'
web-console (3.7.0) lib/web_console/middleware.rb:30:in `block in call'
web-console (3.7.0) lib/web_console/middleware.rb:20:in `catch'
web-console (3.7.0) lib/web_console/middleware.rb:20:in `call'
actionpack (5.2.0) lib/action_dispatch/middleware/show_exceptions.rb:33:in `call'
railties (5.2.0) lib/rails/rack/logger.rb:38:in `call_app'
railties (5.2.0) lib/rails/rack/logger.rb:26:in `block in call'
activesupport (5.2.0) lib/active_support/tagged_logging.rb:71:in `block in tagged'
activesupport (5.2.0) lib/active_support/tagged_logging.rb:28:in `tagged'
activesupport (5.2.0) lib/active_support/tagged_logging.rb:71:in `tagged'
railties (5.2.0) lib/rails/rack/logger.rb:26:in `call'
sprockets-rails (3.2.1) lib/sprockets/rails/quiet_assets.rb:13:in `call'
actionpack (5.2.0) lib/action_dispatch/middleware/remote_ip.rb:81:in `call'
actionpack (5.2.0) lib/action_dispatch/middleware/request_id.rb:27:in `call'
rack (2.0.7) lib/rack/method_override.rb:22:in `call'
rack (2.0.7) lib/rack/runtime.rb:22:in `call'
activesupport (5.2.0) lib/active_support/cache/strategy/local_cache_middleware.rb:29:in `call'
actionpack (5.2.0) lib/action_dispatch/middleware/executor.rb:14:in `call'
actionpack (5.2.0) lib/action_dispatch/middleware/static.rb:127:in `call'
rack (2.0.7) lib/rack/sendfile.rb:111:in `call'
railties (5.2.0) lib/rails/engine.rb:524:in `call'
puma (3.12.1) lib/puma/configuration.rb:227:in `call'
puma (3.12.1) lib/puma/server.rb:660:in `handle_request'
puma (3.12.1) lib/puma/server.rb:474:in `process_client'
puma (3.12.1) lib/puma/server.rb:334:in `block in run'
puma (3.12.1) lib/puma/thread_pool.rb:135:in `block in spawn_thread'
Started GET "/" for ::1 at 2019-11-17 07:50:50 -0300
Processing by Rails::WelcomeController#index as HTML
  Rendering C:/Ruby/lib/ruby/gems/2.4.0/gems/railties-5.2.0/lib/rails/templates/rails/welcome/index.html.erb
  Rendered C:/Ruby/lib/ruby/gems/2.4.0/gems/railties-5.2.0/lib/rails/templates/rails/welcome/index.html.erb (5.0ms)
Completed 200 OK in 118ms (Views: 47.1ms | ActiveRecord: 0.0ms)


Started GET "/admin/admin_usuarios" for ::1 at 2019-11-17 08:57:01 -0300
  [1m[35m (177.0ms)[0m  [1m[34mSELECT "schema_migrations"."version" FROM "schema_migrations" ORDER BY "schema_migrations"."version" ASC[0m
  ↳ C:/Ruby/lib/ruby/gems/2.4.0/gems/activerecord-5.2.0/lib/active_record/log_subscriber.rb:98
Processing by Admin::AdminUsuariosController#index as HTML
  [1m[36mAdminUsuario Load (170.0ms)[0m  [1m[34mSELECT  "admin_usuarios".* FROM "admin_usuarios" WHERE "admin_usuarios"."id" = $1 ORDER BY "admin_usuarios"."id" ASC LIMIT $2[0m  [["id", 1], ["LIMIT", 1]]
  ↳ C:/Ruby/lib/ruby/gems/2.4.0/gems/activerecord-5.2.0/lib/active_record/log_subscriber.rb:98
  Rendering C:/Ruby/lib/ruby/gems/2.4.0/gems/activeadmin-1.3.0/app/views/active_admin/resource/index.html.arb
  [1m[35m (258.0ms)[0m  [1m[34mSELECT COUNT(*) FROM (SELECT  1 AS one FROM "admin_usuarios" LIMIT $1 OFFSET $2) subquery_for_count[0m  [["LIMIT", 30], ["OFFSET", 0]]
  ↳ C:/Ruby/lib/ruby/gems/2.4.0/gems/activerecord-5.2.0/lib/active_record/log_subscriber.rb:98
  [1m[35mCACHE  (0.0ms)[0m  [1m[34mSELECT COUNT(*) FROM (SELECT  1 AS one FROM "admin_usuarios" LIMIT $1 OFFSET $2) subquery_for_count[0m  [["LIMIT", 30], ["OFFSET", 0]]
  ↳ C:/Ruby/lib/ruby/gems/2.4.0/gems/activerecord-5.2.0/lib/active_record/log_subscriber.rb:98
  [1m[35m (240.0ms)[0m  [1m[34mSELECT COUNT(*) FROM "admin_usuarios"[0m
  ↳ C:/Ruby/lib/ruby/gems/2.4.0/gems/activerecord-5.2.0/lib/active_record/log_subscriber.rb:98
  [1m[35mCACHE  (0.0ms)[0m  [1m[34mSELECT COUNT(*) FROM (SELECT  1 AS one FROM "admin_usuarios" LIMIT $1 OFFSET $2) subquery_for_count[0m  [["LIMIT", 30], ["OFFSET", 0]]
  ↳ C:/Ruby/lib/ruby/gems/2.4.0/gems/activerecord-5.2.0/lib/active_record/log_subscriber.rb:98
  [1m[36mAdminUsuario Load (162.0ms)[0m  [1m[34mSELECT  "admin_usuarios".* FROM "admin_usuarios" ORDER BY "admin_usuarios"."id" desc LIMIT $1 OFFSET $2[0m  [["LIMIT", 30], ["OFFSET", 0]]
  ↳ C:/Ruby/lib/ruby/gems/2.4.0/gems/activerecord-5.2.0/lib/active_record/log_subscriber.rb:98
  Rendered C:/Ruby/lib/ruby/gems/2.4.0/gems/activeadmin-1.3.0/app/views/active_admin/resource/index.html.arb (1971.1ms)
Completed 200 OK in 2776ms (Views: 1363.1ms | ActiveRecord: 1366.1ms)


Started GET "/admin/logout" for ::1 at 2019-11-17 08:57:14 -0300
Processing by ActiveAdmin::Devise::SessionsController#destroy as HTML
  Parameters: {"authenticity_token"=>"HgIT6oZBaWMUW+FJ90osYtrV172JX1vUy1tDw55Cx4UDnh8jleBDG9DwkSL3xPsrCK+DwScJ9kxkN2OX+1wDXg=="}
  [1m[36mAdminUsuario Load (260.0ms)[0m  [1m[34mSELECT  "admin_usuarios".* FROM "admin_usuarios" WHERE "admin_usuarios"."id" = $1 ORDER BY "admin_usuarios"."id" ASC LIMIT $2[0m  [["id", 1], ["LIMIT", 1]]
  ↳ C:/Ruby/lib/ruby/gems/2.4.0/gems/activerecord-5.2.0/lib/active_record/log_subscriber.rb:98
  [1m[35m (219.0ms)[0m  [1m[35mBEGIN[0m
  ↳ C:/Ruby/lib/ruby/gems/2.4.0/gems/activerecord-5.2.0/lib/active_record/log_subscriber.rb:98
  [1m[35m (230.0ms)[0m  [1m[35mCOMMIT[0m
  ↳ C:/Ruby/lib/ruby/gems/2.4.0/gems/activerecord-5.2.0/lib/active_record/log_subscriber.rb:98
Redirected to http://localhost:3000/admin
Completed 302 Found in 752ms (ActiveRecord: 709.0ms)


Started GET "/admin" for ::1 at 2019-11-17 08:57:15 -0300
Processing by Admin::DashboardController#index as HTML
Completed 401 Unauthorized in 10ms (ActiveRecord: 0.0ms)


Started GET "/admin/login" for ::1 at 2019-11-17 08:57:15 -0300
Processing by ActiveAdmin::Devise::SessionsController#new as HTML
  Rendering C:/Ruby/lib/ruby/gems/2.4.0/gems/activeadmin-1.3.0/app/views/active_admin/devise/sessions/new.html.erb within layouts/active_admin_logged_out
  Rendered C:/Ruby/lib/ruby/gems/2.4.0/gems/activeadmin-1.3.0/app/views/active_admin/devise/shared/_links.erb (1.0ms)
  Rendered C:/Ruby/lib/ruby/gems/2.4.0/gems/activeadmin-1.3.0/app/views/active_admin/devise/sessions/new.html.erb within layouts/active_admin_logged_out (56.0ms)
Completed 200 OK in 379ms (Views: 373.0ms | ActiveRecord: 0.0ms)


Started POST "/admin/login" for ::1 at 2019-11-17 08:57:24 -0300
Processing by ActiveAdmin::Devise::SessionsController#create as HTML
  Parameters: {"utf8"=>"✓", "authenticity_token"=>"DWXv3f2du8wSJFasELV1KiqIfehaJl8zSdZeO0Cl773I01y4fyVCv85TfZas1KTS9lLuW1vuUY2QJEdCkaIjTA==", "admin_usuario"=>{"email"=>"soporte@varela.edu.uy", "password"=>"[FILTERED]", "remember_me"=>"0"}, "commit"=>"Login"}
  [1m[36mAdminUsuario Load (255.0ms)[0m  [1m[34mSELECT  "admin_usuarios".* FROM "admin_usuarios" WHERE "admin_usuarios"."email" = $1 ORDER BY "admin_usuarios"."id" ASC LIMIT $2[0m  [["email", "soporte@varela.edu.uy"], ["LIMIT", 1]]
  ↳ C:/Ruby/lib/ruby/gems/2.4.0/gems/activerecord-5.2.0/lib/active_record/log_subscriber.rb:98
  [1m[35m (205.0ms)[0m  [1m[35mBEGIN[0m
  ↳ C:/Ruby/lib/ruby/gems/2.4.0/gems/activerecord-5.2.0/lib/active_record/log_subscriber.rb:98
  [1m[36mAdminUsuario Update (240.0ms)[0m  [1m[33mUPDATE "admin_usuarios" SET "current_sign_in_at" = $1, "sign_in_count" = $2, "updated_at" = $3 WHERE "admin_usuarios"."id" = $4[0m  [["current_sign_in_at", "2019-11-17 11:57:25.030121"], ["sign_in_count", 2], ["updated_at", "2019-11-17 11:57:25.240133"], ["id", 1]]
  ↳ C:/Ruby/lib/ruby/gems/2.4.0/gems/activerecord-5.2.0/lib/active_record/log_subscriber.rb:98
  [1m[35m (250.0ms)[0m  [1m[35mCOMMIT[0m
  ↳ C:/Ruby/lib/ruby/gems/2.4.0/gems/activerecord-5.2.0/lib/active_record/log_subscriber.rb:98
Redirected to http://localhost:3000/admin
Completed 302 Found in 1345ms (ActiveRecord: 950.1ms)


Started GET "/admin" for ::1 at 2019-11-17 08:57:25 -0300
Processing by Admin::DashboardController#index as HTML
  [1m[36mAdminUsuario Load (192.0ms)[0m  [1m[34mSELECT  "admin_usuarios".* FROM "admin_usuarios" WHERE "admin_usuarios"."id" = $1 ORDER BY "admin_usuarios"."id" ASC LIMIT $2[0m  [["id", 1], ["LIMIT", 1]]
  ↳ C:/Ruby/lib/ruby/gems/2.4.0/gems/activerecord-5.2.0/lib/active_record/log_subscriber.rb:98
  Rendering C:/Ruby/lib/ruby/gems/2.4.0/gems/activeadmin-1.3.0/app/views/active_admin/page/index.html.arb
  Rendered C:/Ruby/lib/ruby/gems/2.4.0/gems/activeadmin-1.3.0/app/views/active_admin/page/index.html.arb (266.0ms)
Completed 200 OK in 504ms (Views: 305.2ms | ActiveRecord: 192.0ms)


